<?xml version="1.0" encoding="UTF-8"?>
<!-- Generated by org.testng.reporters.JUnitXMLReporter -->
<testsuite ignored="2" hostname="BabuGNair" failures="0" tests="1" name="chromeTest" time="14.463" errors="0" timestamp="2024-11-06T17:44:20 CET">
  <testcase classname="TestCase.TC003AddCart" name="VerifyCart" time="8.871"/>
  <testcase classname="TestCase.TC002SignOut" name="logOut" time="0.0">
    <ignored/>
  </testcase> <!-- logOut -->
  <testcase classname="TestCase.TC001SignIn" name="SignIn" time="0.0">
    <ignored/>
  </testcase> <!-- SignIn -->
</testsuite> <!-- chromeTest -->
