<?xml version="1.0" encoding="UTF-8"?>
<!-- Generated by org.testng.reporters.JUnitXMLReporter -->
<testsuite ignored="2" hostname="BabuGNair" failures="0" tests="1" name="firefoxTest" time="21.716" errors="0" timestamp="2024-11-06T17:44:27 CET">
  <testcase classname="TestCase.TC003AddCart" name="VerifyCart" time="7.264"/>
  <testcase classname="TestCase.TC002SignOut" name="logOut" time="0.0">
    <ignored/>
  </testcase> <!-- logOut -->
  <testcase classname="TestCase.TC001SignIn" name="SignIn" time="0.0">
    <ignored/>
  </testcase> <!-- SignIn -->
</testsuite> <!-- firefoxTest -->
