<?xml version="1.0" encoding="UTF-8"?>
<testng-results ignored="0" total="1" passed="1" failed="0" skipped="0">
  <reporter-output>
  </reporter-output>
  <suite started-at="2024-10-20T18:39:55 CEST" name="Master Suite" finished-at="2024-10-20T18:40:03 CEST" duration-ms="8122">
    <groups>
    </groups>
    <test started-at="2024-10-20T18:39:55 CEST" name="Test" finished-at="2024-10-20T18:40:03 CEST" duration-ms="8122">
      <class name="TestCase.TC003AddCart">
        <test-method is-config="true" signature="setup()[pri:0, instance:TestCase.TC003AddCart@8c11eee]" started-at="2024-10-20T18:39:55 CEST" name="setup" finished-at="2024-10-20T18:39:58 CEST" duration-ms="2907" status="PASS">
          <reporter-output>
          </reporter-output>
        </test-method> <!-- setup -->
        <test-method signature="VerifyCart()[pri:0, instance:TestCase.TC003AddCart@8c11eee]" started-at="2024-10-20T18:39:58 CEST" name="VerifyCart" finished-at="2024-10-20T18:40:03 CEST" duration-ms="4642" status="PASS">
          <reporter-output>
          </reporter-output>
        </test-method> <!-- VerifyCart -->
        <test-method is-config="true" signature="close()[pri:0, instance:TestCase.TC003AddCart@8c11eee]" started-at="2024-10-20T18:40:03 CEST" name="close" finished-at="2024-10-20T18:40:03 CEST" duration-ms="262" status="PASS">
          <reporter-output>
          </reporter-output>
        </test-method> <!-- close -->
      </class> <!-- TestCase.TC003AddCart -->
    </test> <!-- Test -->
  </suite> <!-- Master Suite -->
</testng-results>
