<?xml version="1.0" encoding="UTF-8"?>
<testng-results ignored="0" total="1" passed="1" failed="0" skipped="0">
  <reporter-output>
  </reporter-output>
  <suite started-at="2025-01-03T18:46:54 IST" name="Master Suite" finished-at="2025-01-03T18:47:05 IST" duration-ms="10887">
    <groups>
      <group name="Master">
        <method signature="TC003AddCart.VerifyCart()[pri:0, instance:TestCase.TC003AddCart@7b98f307]" name="VerifyCart" class="TestCase.TC003AddCart"/>
      </group> <!-- Master -->
    </groups>
    <test started-at="2025-01-03T18:46:54 IST" name="Test" finished-at="2025-01-03T18:47:05 IST" duration-ms="10887">
      <class name="TestCase.TC003AddCart">
        <test-method is-config="true" signature="setup(java.lang.String,java.lang.String)[pri:0, instance:TestCase.TC003AddCart@7b98f307]" started-at="2025-01-03T18:46:54 IST" name="setup" finished-at="2025-01-03T18:47:00 IST" duration-ms="5296" status="PASS">
          <params>
            <param index="0">
              <value>
                <![CDATA[Windows]]>
              </value>
            </param>
            <param index="1">
              <value>
                <![CDATA[chrome]]>
              </value>
            </param>
          </params>
          <reporter-output>
          </reporter-output>
        </test-method> <!-- setup -->
        <test-method signature="VerifyCart()[pri:0, instance:TestCase.TC003AddCart@7b98f307]" started-at="2025-01-03T18:47:00 IST" name="VerifyCart" finished-at="2025-01-03T18:47:04 IST" duration-ms="4927" status="PASS">
          <reporter-output>
          </reporter-output>
        </test-method> <!-- VerifyCart -->
        <test-method is-config="true" signature="close()[pri:0, instance:TestCase.TC003AddCart@7b98f307]" started-at="2025-01-03T18:47:04 IST" name="close" finished-at="2025-01-03T18:47:05 IST" duration-ms="242" status="PASS">
          <reporter-output>
          </reporter-output>
        </test-method> <!-- close -->
      </class> <!-- TestCase.TC003AddCart -->
    </test> <!-- Test -->
  </suite> <!-- Master Suite -->
</testng-results>
